Copyright 1986-2022 Xilinx, Inc. All Rights Reserved. Copyright 2022-2023 Advanced Micro Devices, Inc. All Rights Reserved.
---------------------------------------------------------------------------------------------------------------------------------------------
| Tool Version : Vivado v.2023.1 (win64) Build 3865809 Sun May  7 15:05:29 MDT 2023
| Date         : Sun Oct  1 22:38:54 2023
| Host         : LAPTOP-K9MTG2S6 running 64-bit major release  (build 9200)
| Command      : report_control_sets -verbose -file top_gcd_control_sets_placed.rpt
| Design       : top_gcd
| Device       : xc7a35t
---------------------------------------------------------------------------------------------------------------------------------------------

Control Set Information

Table of Contents
-----------------
1. Summary
2. Histogram
3. Flip-Flop Distribution
4. Detailed Control Set Information

1. Summary
----------

+----------------------------------------------------------+-------+
|                          Status                          | Count |
+----------------------------------------------------------+-------+
| Total control sets                                       |     7 |
|    Minimum number of control sets                        |     7 |
|    Addition due to synthesis replication                 |     0 |
|    Addition due to physical synthesis replication        |     0 |
| Unused register locations in slices containing registers |    30 |
+----------------------------------------------------------+-------+
* Control sets can be merged at opt_design using control_set_merge or merge_equivalent_drivers
** Run report_qor_suggestions for automated merging and remapping suggestions


2. Histogram
------------

+--------------------+-------+
|       Fanout       | Count |
+--------------------+-------+
| Total control sets |     7 |
| >= 0 to < 4        |     1 |
| >= 4 to < 6        |     3 |
| >= 6 to < 8        |     0 |
| >= 8 to < 10       |     1 |
| >= 10 to < 12      |     0 |
| >= 12 to < 14      |     0 |
| >= 14 to < 16      |     0 |
| >= 16              |     2 |
+--------------------+-------+
* Control sets can be remapped at either synth_design or opt_design


3. Flip-Flop Distribution
-------------------------

+--------------+-----------------------+------------------------+-----------------+--------------+
| Clock Enable | Synchronous Set/Reset | Asynchronous Set/Reset | Total Registers | Total Slices |
+--------------+-----------------------+------------------------+-----------------+--------------+
| No           | No                    | No                     |              44 |           12 |
| No           | No                    | Yes                    |              10 |            7 |
| No           | Yes                   | No                     |               0 |            0 |
| Yes          | No                    | No                     |               0 |            0 |
| Yes          | No                    | Yes                    |              12 |            7 |
| Yes          | Yes                   | No                     |               0 |            0 |
+--------------+-----------------------+------------------------+-----------------+--------------+


4. Detailed Control Set Information
-----------------------------------

+----------------+--------------------------------+------------------+------------------+----------------+--------------+
|  Clock Signal  |          Enable Signal         | Set/Reset Signal | Slice Load Count | Bel Load Count | Bels / Slice |
+----------------+--------------------------------+------------------+------------------+----------------+--------------+
|  U5/clk190     |                                | btn3_IBUF        |                2 |              2 |         1.00 |
|  clk_BUFG      | U4/x[3]_i_1_n_0                | btn3_IBUF        |                2 |              4 |         2.00 |
|  clk_BUFG      | U4/gcd_algoritmo.donev_i_1_n_0 | btn3_IBUF        |                2 |              4 |         2.00 |
|  clk_BUFG      | U4/y[3]_i_1_n_0                | btn3_IBUF        |                3 |              4 |         1.33 |
|  clk_BUFG      |                                | btn3_IBUF        |                5 |              8 |         1.60 |
|  clk_BUFG      |                                |                  |                5 |             18 |         3.60 |
|  CLK_IBUF_BUFG |                                |                  |                7 |             26 |         3.71 |
+----------------+--------------------------------+------------------+------------------+----------------+--------------+


