
*** Running vivado
    with args -log top_gcd.vds -m64 -product Vivado -mode batch -messageDb vivado.pb -notrace -source top_gcd.tcl


ECHO est  desactivado.
ECHO est  desactivado.

****** Vivado v2023.1 (64-bit)
  **** SW Build 3865809 on Sun May  7 15:05:29 MDT 2023
  **** IP Build 3864474 on Sun May  7 20:36:21 MDT 2023
  **** SharedData Build 3865790 on Sun May 07 13:33:03 MDT 2023
    ** Copyright 1986-2022 Xilinx, Inc. All Rights Reserved.
    ** Copyright 2022-2023 Advanced Micro Devices, Inc. All Rights Reserved.

source top_gcd.tcl -notrace
create_project: Time (s): cpu = 00:00:03 ; elapsed = 00:00:08 . Memory (MB): peak = 464.152 ; gain = 196.426
Command: read_checkpoint -auto_incremental -incremental C:/Users/ulise/Desktop/Escuela/DSDA/GCD_USPC/GCD_USPC/GCD_USPC.srcs/utils_1/imports/synth_1/top_gcd.dcp
INFO: [Vivado 12-5825] Read reference checkpoint from C:/Users/ulise/Desktop/Escuela/DSDA/GCD_USPC/GCD_USPC/GCD_USPC.srcs/utils_1/imports/synth_1/top_gcd.dcp for incremental synthesis
INFO: [Vivado 12-7989] Please ensure there are no constraint changes
Command: synth_design -top top_gcd -part xc7a35tcpg236-1
Starting synth_design
Attempting to get a license for feature 'Synthesis' and/or device 'xc7a35t'
INFO: [Common 17-349] Got license for feature 'Synthesis' and/or device 'xc7a35t'
INFO: [Device 21-403] Loading part xc7a35tcpg236-1
INFO: [Designutils 20-5440] No compile time benefit to using incremental synthesis; A full resynthesis will be run
INFO: [Designutils 20-4379] Flow is switching to default flow due to incremental criteria not met. If you would like to alter this behaviour and have the flow terminate instead, please set the following parameter config_implementation {autoIncr.Synth.RejectBehavior Terminate}
INFO: [Synth 8-7079] Multithreading enabled for synth_design using a maximum of 2 processes.
INFO: [Synth 8-7078] Launching helper process for spawning children vivado processes
INFO: [Synth 8-7075] Helper process launched with PID 7556
---------------------------------------------------------------------------------
Starting RTL Elaboration : Time (s): cpu = 00:00:02 ; elapsed = 00:00:05 . Memory (MB): peak = 1280.305 ; gain = 411.824
---------------------------------------------------------------------------------
INFO: [Synth 8-638] synthesizing module 'top_gcd' [C:/Users/ulise/Desktop/Escuela/DSDA/GCD_USPC/GCD_USPC/GCD_USPC.srcs/sources_1/new/top_gcd.vhd:46]
INFO: [Synth 8-638] synthesizing module 'clk_divisor' [C:/Users/ulise/Desktop/Escuela/DSDA/GCD_USPC/GCD_USPC/GCD_USPC.srcs/sources_1/new/clk_divisor.vhd:40]
INFO: [Synth 8-256] done synthesizing module 'clk_divisor' (0#1) [C:/Users/ulise/Desktop/Escuela/DSDA/GCD_USPC/GCD_USPC/GCD_USPC.srcs/sources_1/new/clk_divisor.vhd:40]
INFO: [Synth 8-638] synthesizing module 'debounce' [C:/Users/ulise/Desktop/Escuela/DSDA/GCD_USPC/GCD_USPC/GCD_USPC.srcs/sources_1/new/debounce.vhd:14]
INFO: [Synth 8-256] done synthesizing module 'debounce' (0#1) [C:/Users/ulise/Desktop/Escuela/DSDA/GCD_USPC/GCD_USPC/GCD_USPC.srcs/sources_1/new/debounce.vhd:14]
INFO: [Synth 8-638] synthesizing module 'clk_pulse' [C:/Users/ulise/Desktop/Escuela/DSDA/GCD_USPC/GCD_USPC/GCD_USPC.srcs/sources_1/new/clk_pulse.vhd:31]
INFO: [Synth 8-256] done synthesizing module 'clk_pulse' (0#1) [C:/Users/ulise/Desktop/Escuela/DSDA/GCD_USPC/GCD_USPC/GCD_USPC.srcs/sources_1/new/clk_pulse.vhd:31]
INFO: [Synth 8-638] synthesizing module 'gcd_algorithm' [C:/Users/ulise/Desktop/Escuela/DSDA/GCD_USPC/GCD_USPC/GCD_USPC.srcs/sources_1/new/gcd_algorithm.vhd:26]
INFO: [Synth 8-256] done synthesizing module 'gcd_algorithm' (0#1) [C:/Users/ulise/Desktop/Escuela/DSDA/GCD_USPC/GCD_USPC/GCD_USPC.srcs/sources_1/new/gcd_algorithm.vhd:26]
INFO: [Synth 8-638] synthesizing module 'X7seg' [C:/Users/ulise/Desktop/Escuela/DSDA/GCD_USPC/GCD_USPC/GCD_USPC.srcs/sources_1/new/X7seg.vhd:44]
WARNING: [Synth 8-614] signal 'aen' is read in the process but is not in the sensitivity list [C:/Users/ulise/Desktop/Escuela/DSDA/GCD_USPC/GCD_USPC/GCD_USPC.srcs/sources_1/new/X7seg.vhd:103]
INFO: [Synth 8-256] done synthesizing module 'X7seg' (0#1) [C:/Users/ulise/Desktop/Escuela/DSDA/GCD_USPC/GCD_USPC/GCD_USPC.srcs/sources_1/new/X7seg.vhd:44]
INFO: [Synth 8-256] done synthesizing module 'top_gcd' (0#1) [C:/Users/ulise/Desktop/Escuela/DSDA/GCD_USPC/GCD_USPC/GCD_USPC.srcs/sources_1/new/top_gcd.vhd:46]
---------------------------------------------------------------------------------
Finished RTL Elaboration : Time (s): cpu = 00:00:03 ; elapsed = 00:00:07 . Memory (MB): peak = 1370.441 ; gain = 501.961
---------------------------------------------------------------------------------
---------------------------------------------------------------------------------
Start Handling Custom Attributes
---------------------------------------------------------------------------------
---------------------------------------------------------------------------------
Finished Handling Custom Attributes : Time (s): cpu = 00:00:03 ; elapsed = 00:00:07 . Memory (MB): peak = 1370.441 ; gain = 501.961
---------------------------------------------------------------------------------
---------------------------------------------------------------------------------
Finished RTL Optimization Phase 1 : Time (s): cpu = 00:00:03 ; elapsed = 00:00:07 . Memory (MB): peak = 1370.441 ; gain = 501.961
---------------------------------------------------------------------------------
Netlist sorting complete. Time (s): cpu = 00:00:00 ; elapsed = 00:00:00.001 . Memory (MB): peak = 1370.441 ; gain = 0.000
INFO: [Project 1-570] Preparing netlist for logic optimization

Processing XDC Constraints
Initializing timing engine
Parsing XDC File [C:/Users/ulise/Desktop/Escuela/DSDA/GCD_USPC/GCD_USPC/GCD_USPC.srcs/constrs_1/imports/Downloads/Basys-3-Master.xdc]
Finished Parsing XDC File [C:/Users/ulise/Desktop/Escuela/DSDA/GCD_USPC/GCD_USPC/GCD_USPC.srcs/constrs_1/imports/Downloads/Basys-3-Master.xdc]
Completed Processing XDC Constraints

Netlist sorting complete. Time (s): cpu = 00:00:00 ; elapsed = 00:00:00 . Memory (MB): peak = 1472.059 ; gain = 0.000
INFO: [Project 1-111] Unisim Transformation Summary:
No Unisim elements were transformed.

Constraint Validation Runtime : Time (s): cpu = 00:00:00 ; elapsed = 00:00:00.002 . Memory (MB): peak = 1472.059 ; gain = 0.000
INFO: [Designutils 20-5440] No compile time benefit to using incremental synthesis; A full resynthesis will be run
INFO: [Designutils 20-4379] Flow is switching to default flow due to incremental criteria not met. If you would like to alter this behaviour and have the flow terminate instead, please set the following parameter config_implementation {autoIncr.Synth.RejectBehavior Terminate}
---------------------------------------------------------------------------------
Finished Constraint Validation : Time (s): cpu = 00:00:06 ; elapsed = 00:00:15 . Memory (MB): peak = 1472.059 ; gain = 603.578
---------------------------------------------------------------------------------
---------------------------------------------------------------------------------
Start Loading Part and Timing Information
---------------------------------------------------------------------------------
Loading part: xc7a35tcpg236-1
---------------------------------------------------------------------------------
Finished Loading Part and Timing Information : Time (s): cpu = 00:00:06 ; elapsed = 00:00:15 . Memory (MB): peak = 1472.059 ; gain = 603.578
---------------------------------------------------------------------------------
---------------------------------------------------------------------------------
Start Applying 'set_property' XDC Constraints
---------------------------------------------------------------------------------
---------------------------------------------------------------------------------
Finished applying 'set_property' XDC Constraints : Time (s): cpu = 00:00:06 ; elapsed = 00:00:15 . Memory (MB): peak = 1472.059 ; gain = 603.578
---------------------------------------------------------------------------------
---------------------------------------------------------------------------------
Finished RTL Optimization Phase 2 : Time (s): cpu = 00:00:06 ; elapsed = 00:00:15 . Memory (MB): peak = 1472.059 ; gain = 603.578
---------------------------------------------------------------------------------
---------------------------------------------------------------------------------
Start RTL Component Statistics 
---------------------------------------------------------------------------------
Detailed RTL Component Info : 
+---Adders : 
	   3 Input    4 Bit       Adders := 2     
	   2 Input    2 Bit       Adders := 1     
+---Registers : 
	                4 Bit    Registers := 3     
	                2 Bit    Registers := 1     
	                1 Bit    Registers := 8     
+---Muxes : 
	   2 Input    4 Bit        Muxes := 3     
	   4 Input    4 Bit        Muxes := 1     
	   2 Input    1 Bit        Muxes := 4     
---------------------------------------------------------------------------------
Finished RTL Component Statistics 
---------------------------------------------------------------------------------
---------------------------------------------------------------------------------
Start Part Resource Summary
---------------------------------------------------------------------------------
Part Resources:
DSPs: 90 (col length:60)
BRAMs: 100 (col length: RAMB18 60 RAMB36 30)
---------------------------------------------------------------------------------
Finished Part Resource Summary
---------------------------------------------------------------------------------
---------------------------------------------------------------------------------
Start Cross Boundary and Area Optimization
---------------------------------------------------------------------------------
WARNING: [Synth 8-7080] Parallel synthesis criteria is not met
---------------------------------------------------------------------------------
Finished Cross Boundary and Area Optimization : Time (s): cpu = 00:00:07 ; elapsed = 00:00:17 . Memory (MB): peak = 1472.059 ; gain = 603.578
---------------------------------------------------------------------------------
---------------------------------------------------------------------------------
Start Applying XDC Timing Constraints
---------------------------------------------------------------------------------
---------------------------------------------------------------------------------
Finished Applying XDC Timing Constraints : Time (s): cpu = 00:00:09 ; elapsed = 00:00:23 . Memory (MB): peak = 1472.059 ; gain = 603.578
---------------------------------------------------------------------------------
---------------------------------------------------------------------------------
Start Timing Optimization
---------------------------------------------------------------------------------
---------------------------------------------------------------------------------
Finished Timing Optimization : Time (s): cpu = 00:00:09 ; elapsed = 00:00:23 . Memory (MB): peak = 1472.059 ; gain = 603.578
---------------------------------------------------------------------------------
---------------------------------------------------------------------------------
Start Technology Mapping
---------------------------------------------------------------------------------
---------------------------------------------------------------------------------
Finished Technology Mapping : Time (s): cpu = 00:00:09 ; elapsed = 00:00:23 . Memory (MB): peak = 1472.059 ; gain = 603.578
---------------------------------------------------------------------------------
---------------------------------------------------------------------------------
Start IO Insertion
---------------------------------------------------------------------------------
---------------------------------------------------------------------------------
Start Flattening Before IO Insertion
---------------------------------------------------------------------------------
---------------------------------------------------------------------------------
Finished Flattening Before IO Insertion
---------------------------------------------------------------------------------
---------------------------------------------------------------------------------
Start Final Netlist Cleanup
---------------------------------------------------------------------------------
---------------------------------------------------------------------------------
Finished Final Netlist Cleanup
---------------------------------------------------------------------------------
---------------------------------------------------------------------------------
Finished IO Insertion : Time (s): cpu = 00:00:11 ; elapsed = 00:00:27 . Memory (MB): peak = 1472.059 ; gain = 603.578
---------------------------------------------------------------------------------
---------------------------------------------------------------------------------
Start Renaming Generated Instances
---------------------------------------------------------------------------------
---------------------------------------------------------------------------------
Finished Renaming Generated Instances : Time (s): cpu = 00:00:11 ; elapsed = 00:00:27 . Memory (MB): peak = 1472.059 ; gain = 603.578
---------------------------------------------------------------------------------
---------------------------------------------------------------------------------
Start Rebuilding User Hierarchy
---------------------------------------------------------------------------------
---------------------------------------------------------------------------------
Finished Rebuilding User Hierarchy : Time (s): cpu = 00:00:11 ; elapsed = 00:00:27 . Memory (MB): peak = 1472.059 ; gain = 603.578
---------------------------------------------------------------------------------
---------------------------------------------------------------------------------
Start Renaming Generated Ports
---------------------------------------------------------------------------------
---------------------------------------------------------------------------------
Finished Renaming Generated Ports : Time (s): cpu = 00:00:11 ; elapsed = 00:00:27 . Memory (MB): peak = 1472.059 ; gain = 603.578
---------------------------------------------------------------------------------
---------------------------------------------------------------------------------
Start Handling Custom Attributes
---------------------------------------------------------------------------------
---------------------------------------------------------------------------------
Finished Handling Custom Attributes : Time (s): cpu = 00:00:11 ; elapsed = 00:00:27 . Memory (MB): peak = 1472.059 ; gain = 603.578
---------------------------------------------------------------------------------
---------------------------------------------------------------------------------
Start Renaming Generated Nets
---------------------------------------------------------------------------------
---------------------------------------------------------------------------------
Finished Renaming Generated Nets : Time (s): cpu = 00:00:11 ; elapsed = 00:00:27 . Memory (MB): peak = 1472.059 ; gain = 603.578
---------------------------------------------------------------------------------
---------------------------------------------------------------------------------
Start Writing Synthesis Report
---------------------------------------------------------------------------------

Report BlackBoxes: 
+-+--------------+----------+
| |BlackBox name |Instances |
+-+--------------+----------+
+-+--------------+----------+

Report Cell Usage: 
+------+-------+------+
|      |Cell   |Count |
+------+-------+------+
|1     |BUFG   |     2|
|2     |CARRY4 |    12|
|3     |LUT1   |     3|
|4     |LUT2   |     4|
|5     |LUT3   |     2|
|6     |LUT4   |     2|
|7     |LUT5   |     4|
|8     |LUT6   |    17|
|9     |FDCE   |    22|
|10    |FDRE   |    44|
|11    |IBUF   |    11|
|12    |OBUF   |    12|
+------+-------+------+
---------------------------------------------------------------------------------
Finished Writing Synthesis Report : Time (s): cpu = 00:00:11 ; elapsed = 00:00:27 . Memory (MB): peak = 1472.059 ; gain = 603.578
---------------------------------------------------------------------------------
Synthesis finished with 0 errors, 0 critical warnings and 1 warnings.
Synthesis Optimization Runtime : Time (s): cpu = 00:00:08 ; elapsed = 00:00:26 . Memory (MB): peak = 1472.059 ; gain = 501.961
Synthesis Optimization Complete : Time (s): cpu = 00:00:11 ; elapsed = 00:00:27 . Memory (MB): peak = 1472.059 ; gain = 603.578
INFO: [Project 1-571] Translating synthesized netlist
Netlist sorting complete. Time (s): cpu = 00:00:00 ; elapsed = 00:00:00.001 . Memory (MB): peak = 1472.059 ; gain = 0.000
INFO: [Netlist 29-17] Analyzing 12 Unisim elements for replacement
INFO: [Netlist 29-28] Unisim Transformation completed in 0 CPU seconds
INFO: [Project 1-570] Preparing netlist for logic optimization
INFO: [Opt 31-138] Pushed 0 inverter(s) to 0 load pin(s).
Netlist sorting complete. Time (s): cpu = 00:00:00 ; elapsed = 00:00:00 . Memory (MB): peak = 1472.059 ; gain = 0.000
INFO: [Project 1-111] Unisim Transformation Summary:
No Unisim elements were transformed.

Synth Design complete | Checksum: a41f9b10
INFO: [Common 17-83] Releasing license: Synthesis
32 Infos, 2 Warnings, 0 Critical Warnings and 0 Errors encountered.
synth_design completed successfully
synth_design: Time (s): cpu = 00:00:12 ; elapsed = 00:00:32 . Memory (MB): peak = 1472.059 ; gain = 984.031
INFO: [Common 17-1381] The checkpoint 'C:/Users/ulise/Desktop/Escuela/DSDA/GCD_USPC/GCD_USPC/GCD_USPC.runs/synth_1/top_gcd.dcp' has been generated.
INFO: [runtcl-4] Executing : report_utilization -file top_gcd_utilization_synth.rpt -pb top_gcd_utilization_synth.pb
INFO: [Common 17-206] Exiting Vivado at Sun Oct  1 22:38:06 2023...
